<?xml version="1.0" encoding="utf-8"?><testsuites name="pytest tests"><testsuite name="pytest" errors="0" failures="0" skipped="0" tests="14" time="1.785" timestamp="2026-05-25T09:20:58.559934+00:00" hostname="agent-env-a1957061-8377-4647-b8b6-08939cffaadc"><testcase classname="backend.tests.test_address_verify.TestAddressVerify" name="test_missing_address_returns_400" time="0.170" /><testcase classname="backend.tests.test_address_verify.TestAddressVerify" name="test_empty_address_returns_400" time="0.042" /><testcase classname="backend.tests.test_address_verify.TestAddressVerify" name="test_garbage_returns_invalid" time="0.044" /><testcase classname="backend.tests.test_address_verify.TestAddressVerify" name="test_genesis_p2pkh_ok_with_history" time="0.290" /><testcase classname="backend.tests.test_address_verify.TestAddressVerify" name="test_p2sh_satoshi_dice" time="0.188" /><testcase classname="backend.tests.test_address_verify.TestAddressVerify" name="test_p2wpkh_bech32_reference" time="0.184" /><testcase classname="backend.tests.test_address_verify.TestAddressVerify" name="test_p2tr_bech32m_reference" time="0.224" /><testcase classname="backend.tests.test_address_verify.TestAddressVerify" name="test_testnet_address_rejected_as_invalid" time="0.045" /><testcase classname="backend.tests.test_address_verify.TestAddressVerify" name="test_response_schema_keys" time="0.172" /><testcase classname="backend.tests.test_address_verify.TestRegressionSmoke" name="test_system_status" time="0.152" /><testcase classname="backend.tests.test_address_verify.TestRegressionSmoke" name="test_get_config" time="0.044" /><testcase classname="backend.tests.test_address_verify.TestRegressionSmoke" name="test_wordlists_presets" time="0.051" /><testcase classname="backend.tests.test_address_verify.TestRegressionSmoke" name="test_jobs_list" time="0.045" /><testcase classname="backend.tests.test_address_verify.TestRegressionSmoke" name="test_masks_preview" time="0.043" /></testsuite></testsuites>