<?xml version="1.0" encoding="utf-8"?><testsuites name="pytest tests"><testsuite name="pytest" errors="0" failures="2" skipped="0" tests="67" time="417.001" timestamp="2026-05-25T10:22:21.049236+00:00" hostname="agent-env-a1957061-8377-4647-b8b6-08939cffaadc"><testcase classname="backend.tests.test_cost_estimate.TestCostEstimateCore" name="test_baseline_24h_returns_full_schema" time="0.189" /><testcase classname="backend.tests.test_cost_estimate.TestCostEstimateCore" name="test_baseline_24h_recommends_cheapest_gpu" time="0.103" /><testcase classname="backend.tests.test_cost_estimate.TestRecommendation" name="test_short_eta_recommends_local" time="0.103" /><testcase classname="backend.tests.test_cost_estimate.TestRecommendation" name="test_impossible_eta_recommends_do_not_run" time="0.105" /><testcase classname="backend.tests.test_cost_estimate.TestRecommendation" name="test_zero_eta_returns_na" time="0.097" /><testcase classname="backend.tests.test_cost_estimate.TestParameterScaling" name="test_watts_and_kwh_scale_local_cost" time="0.243" /><testcase classname="backend.tests.test_cost_estimate.TestParameterScaling" name="test_usd_to_eur_affects_gpu_eur_per_hour" time="0.250" /><testcase classname="backend.tests.test_cost_estimate.TestProvisioningOverhead" name="test_default_overhead_10min_added_to_each_gpu_eta" time="0.099" /><testcase classname="backend.tests.test_cost_estimate.TestProvisioningOverhead" name="test_custom_overhead_changes_gpu_eta" time="0.095" /><testcase classname="backend.tests.test_cost_estimate.TestRegressionSmoke" name="test_config_get" time="0.095" /><testcase classname="backend.tests.test_cost_estimate.TestRegressionSmoke" name="test_estimate" time="0.099" /><testcase classname="backend.tests.test_cost_estimate.TestRegressionSmoke" name="test_wordlist" time="0.106" /><testcase classname="backend.tests.test_cost_estimate.TestRegressionSmoke" name="test_jobs_list" time="0.111" /><testcase classname="backend.tests.test_cost_estimate.TestRegressionSmoke" name="test_address_verify" time="0.305" /><testcase classname="backend.tests.test_address_verify.TestAddressVerify" name="test_missing_address_returns_400" time="0.099" /><testcase classname="backend.tests.test_address_verify.TestAddressVerify" name="test_empty_address_returns_400" time="0.043" /><testcase classname="backend.tests.test_address_verify.TestAddressVerify" name="test_garbage_returns_invalid" time="0.050" /><testcase classname="backend.tests.test_address_verify.TestAddressVerify" name="test_genesis_p2pkh_ok_with_history" time="0.208" /><testcase classname="backend.tests.test_address_verify.TestAddressVerify" name="test_p2sh_satoshi_dice" time="0.252" /><testcase classname="backend.tests.test_address_verify.TestAddressVerify" name="test_p2wpkh_bech32_reference" time="0.186" /><testcase classname="backend.tests.test_address_verify.TestAddressVerify" name="test_p2tr_bech32m_reference" time="0.266" /><testcase classname="backend.tests.test_address_verify.TestAddressVerify" name="test_testnet_address_rejected_as_invalid" time="0.048" /><testcase classname="backend.tests.test_address_verify.TestAddressVerify" name="test_response_schema_keys" time="0.179" /><testcase classname="backend.tests.test_address_verify.TestRegressionSmoke" name="test_system_status" time="0.147" /><testcase classname="backend.tests.test_address_verify.TestRegressionSmoke" name="test_get_config" time="0.049" /><testcase classname="backend.tests.test_address_verify.TestRegressionSmoke" name="test_wordlists_presets" time="0.058" /><testcase classname="backend.tests.test_address_verify.TestRegressionSmoke" name="test_jobs_list" time="0.048" /><testcase classname="backend.tests.test_address_verify.TestRegressionSmoke" name="test_masks_preview" time="0.045" /><testcase classname="backend.tests.test_export.TestExportSchema" name="test_default_export_schema" time="0.149" /><testcase classname="backend.tests.test_export.TestExportSchema" name="test_include_logs_true" time="0.045" /><testcase classname="backend.tests.test_export.TestExportSchema" name="test_redact_seed_false_no_found" time="0.043" /><testcase classname="backend.tests.test_export.TestExportSchema" name="test_missing_job_404" time="0.046" /><testcase classname="backend.tests.test_export.TestVerify" name="test_clean_payload_valid" time="0.092" /><testcase classname="backend.tests.test_export.TestVerify" name="test_tampered_payload_invalid" time="0.085" /><testcase classname="backend.tests.test_export.TestVerify" name="test_missing_signature_400" time="0.084" /><testcase classname="backend.tests.test_export.TestPassphraseRedaction" name="test_passphrase_redacted_in_export" time="60.875" /><testcase classname="backend.tests.test_export.TestInMemoryExport" name="test_export_for_in_memory_job" time="3.192" /><testcase classname="backend.tests.test_export.TestSmokeRegression" name="test_smoke_endpoints[/api/config]" time="0.099" /><testcase classname="backend.tests.test_export.TestSmokeRegression" name="test_smoke_endpoints[/api/wordlist]" time="0.100" /><testcase classname="backend.tests.test_export.TestSmokeRegression" name="test_smoke_endpoints[/api/wordlists/presets]" time="0.049" /><testcase classname="backend.tests.test_export.TestSmokeRegression" name="test_smoke_endpoints[/api/jobs?limit=5]" time="0.094" /><testcase classname="backend.tests.test_export.TestSmokeRegression" name="test_smoke_endpoints[/api/system/status]" time="0.148" /><testcase classname="backend.tests.test_export.TestSmokeRegression" name="test_masks_preview" time="0.050" /><testcase classname="backend.tests.test_export.TestSmokeRegression" name="test_estimate" time="0.057" /><testcase classname="backend.tests.test_improvements.TestEstimate" name="test_estimate_fast_one_unknown" time="0.299" /><testcase classname="backend.tests.test_improvements.TestEstimate" name="test_estimate_impractical_five_unknown" time="0.049" /><testcase classname="backend.tests.test_improvements.TestEstimate" name="test_estimate_no_unknowns" time="0.100" /><testcase classname="backend.tests.test_improvements.TestWordlistPresets" name="test_presets_listed" time="0.049" /><testcase classname="backend.tests.test_improvements.TestWordlistPresets" name="test_load_preset_bip39_en" time="0.171" /><testcase classname="backend.tests.test_improvements.TestWordlistPresets" name="test_load_preset_invalid" time="0.044" /><testcase classname="backend.tests.test_improvements.TestPersistedLogs" name="test_logs_loaded_from_disk_after_completion" time="92.529" /><testcase classname="backend.tests.test_improvements" name="test_ws_live_stream" time="3.019" /><testcase classname="backend.tests.test_improvements" name="test_ws_unknown_job_closes_cleanly" time="0.282" /><testcase classname="backend.tests.backend_test.TestSystem" name="test_root" time="0.215" /><testcase classname="backend.tests.backend_test.TestSystem" name="test_system_status" time="0.146" /><testcase classname="backend.tests.backend_test.TestConfig" name="test_get_default_config" time="0.083" /><testcase classname="backend.tests.backend_test.TestConfig" name="test_put_config_normalizes_known_words" time="0.045" /><testcase classname="backend.tests.backend_test.TestMasks" name="test_preview_fixed_mask" time="0.101" /><testcase classname="backend.tests.backend_test.TestMasks" name="test_preview_permutations" time="0.097" /><testcase classname="backend.tests.backend_test.TestWordlist" name="test_put_and_get_wordlist" time="0.156" /><testcase classname="backend.tests.backend_test.TestJobs" name="test_create_job_returns_command" time="0.048" /><testcase classname="backend.tests.backend_test.TestJobs" name="test_job_logs_stream" time="180.359"><failure message="AssertionError: job did not reach terminal state; statuses=['running', 'running', 'running', 'running', 'running']&#10;assert False">E   AssertionError: job did not reach terminal state; statuses=['running', 'running', 'running', 'running', 'running']
    assert False</failure></testcase><testcase classname="backend.tests.backend_test.TestJobs" name="test_job_get_status" time="0.047"><failure message="AssertionError: assert 'running' in ('not_found', 'found', 'failed', 'stopped')&#10; +  where 'running' = &lt;built-in method get of dict object at 0xfb58021e2140&gt;('status')&#10; +    where &lt;built-in method get of dict object at 0xfb58021e2140&gt; = {'command': ['/root/.venv/bin/python', '-u', '/opt/btcrecover/seedrecover.py', '--no-pause', '--no-gui', '--disablesecuritywarnings', ...], 'error': None, 'finished_at': None, 'found_seed': None, ...}.get">E   AssertionError: assert 'running' in ('not_found', 'found', 'failed', 'stopped')
     +  where 'running' = &lt;built-in method get of dict object at 0xfb58021e2140&gt;('status')
     +    where &lt;built-in method get of dict object at 0xfb58021e2140&gt; = {'command': ['/root/.venv/bin/python', '-u', '/opt/btcrecover/seedrecover.py', '--no-pause', '--no-gui', '--disablesecuritywarnings', ...], 'error': None, 'finished_at': None, 'found_seed': None, ...}.get</failure></testcase><testcase classname="backend.tests.backend_test.TestJobs" name="test_jobs_list_contains" time="0.171" /><testcase classname="backend.tests.backend_test.TestStopDelete" name="test_stop_running_job" time="1.397" /><testcase classname="backend.tests.backend_test.TestStopDelete" name="test_delete_finished_job" time="65.347" /><testcase classname="backend.tests.backend_test.TestStopDelete" name="test_delete_running_job_refused" time="3.017" /></testsuite></testsuites>