<?xml version="1.0" encoding="utf-8"?><testsuites name="pytest tests"><testsuite name="pytest" errors="0" failures="0" skipped="0" tests="19" time="0.159" timestamp="2026-05-25T10:54:45.103080+00:00" hostname="agent-env-a1957061-8377-4647-b8b6-08939cffaadc"><testcase classname="backend.tests.test_deploy.TestDeployPreview" name="test_vastai_returns_7_files" time="0.005" /><testcase classname="backend.tests.test_deploy.TestDeployPreview" name="test_runpod_swaps_provider_file" time="0.002" /><testcase classname="backend.tests.test_deploy.TestDeployPreview" name="test_invalid_provider_400" time="0.001" /><testcase classname="backend.tests.test_deploy.TestDeployPreview" name="test_dockerfile_and_run_sh_content" time="0.002" /><testcase classname="backend.tests.test_deploy.TestDeployPreview" name="test_passphrase_redacted" time="0.001" /><testcase classname="backend.tests.test_deploy.TestDeployPreview" name="test_vastai_gpu_cli_filter[vast.ai \xb7 RTX 4090-RTX_4090]" time="0.002" /><testcase classname="backend.tests.test_deploy.TestDeployPreview" name="test_vastai_gpu_cli_filter[RunPod \xb7 A100 40GB-A100]" time="0.003" /><testcase classname="backend.tests.test_deploy.TestDeployPreview" name="test_vastai_gpu_cli_filter[RunPod \xb7 RTX A4000-RTX_A4000]" time="0.003" /><testcase classname="backend.tests.test_deploy.TestDeployPreview" name="test_vastai_gpu_cli_filter[vast.ai \xb7 RTX 3090-RTX_3090]" time="0.002" /><testcase classname="backend.tests.test_deploy.TestDeployPreview" name="test_explicit_config_override_used" time="0.002" /><testcase classname="backend.tests.test_deploy.TestDeployPreview" name="test_job_id_uses_snapshot" time="0.012" /><testcase classname="backend.tests.test_deploy.TestDeployPreview" name="test_no_config_returns_400" time="0.005" /><testcase classname="backend.tests.test_deploy.TestDeployGenerate" name="test_vastai_zip" time="0.006" /><testcase classname="backend.tests.test_deploy.TestDeployGenerate" name="test_runpod_zip" time="0.002" /><testcase classname="backend.tests.test_deploy.TestRegressionSmoke" name="test_health_and_config" time="0.003" /><testcase classname="backend.tests.test_deploy.TestRegressionSmoke" name="test_jobs_list" time="0.005" /><testcase classname="backend.tests.test_deploy.TestRegressionSmoke" name="test_estimate" time="0.002" /><testcase classname="backend.tests.test_deploy.TestRegressionSmoke" name="test_cost_estimate" time="0.001" /><testcase classname="backend.tests.test_deploy.TestRegressionSmoke" name="test_wordlist_presets" time="0.008" /></testsuite></testsuites>