<?xml version="1.0" encoding="utf-8"?><testsuites name="pytest tests"><testsuite name="pytest" errors="0" failures="0" skipped="0" tests="16" time="65.532" timestamp="2026-05-25T09:06:48.900862+00:00" hostname="agent-env-a1957061-8377-4647-b8b6-08939cffaadc"><testcase classname="backend.tests.test_export.TestExportSchema" name="test_default_export_schema" time="0.183" /><testcase classname="backend.tests.test_export.TestExportSchema" name="test_include_logs_true" time="0.046" /><testcase classname="backend.tests.test_export.TestExportSchema" name="test_redact_seed_false_no_found" time="0.052" /><testcase classname="backend.tests.test_export.TestExportSchema" name="test_missing_job_404" time="0.052" /><testcase classname="backend.tests.test_export.TestVerify" name="test_clean_payload_valid" time="0.092" /><testcase classname="backend.tests.test_export.TestVerify" name="test_tampered_payload_invalid" time="0.089" /><testcase classname="backend.tests.test_export.TestVerify" name="test_missing_signature_400" time="0.091" /><testcase classname="backend.tests.test_export.TestPassphraseRedaction" name="test_passphrase_redacted_in_export" time="60.867" /><testcase classname="backend.tests.test_export.TestInMemoryExport" name="test_export_for_in_memory_job" time="3.192" /><testcase classname="backend.tests.test_export.TestSmokeRegression" name="test_smoke_endpoints[/api/config]" time="0.100" /><testcase classname="backend.tests.test_export.TestSmokeRegression" name="test_smoke_endpoints[/api/wordlist]" time="0.051" /><testcase classname="backend.tests.test_export.TestSmokeRegression" name="test_smoke_endpoints[/api/wordlists/presets]" time="0.053" /><testcase classname="backend.tests.test_export.TestSmokeRegression" name="test_smoke_endpoints[/api/jobs?limit=5]" time="0.093" /><testcase classname="backend.tests.test_export.TestSmokeRegression" name="test_smoke_endpoints[/api/system/status]" time="0.197" /><testcase classname="backend.tests.test_export.TestSmokeRegression" name="test_masks_preview" time="0.101" /><testcase classname="backend.tests.test_export.TestSmokeRegression" name="test_estimate" time="0.105" /></testsuite></testsuites>