<?xml version="1.0" encoding="utf-8"?><testsuites name="pytest tests"><testsuite name="pytest" errors="0" failures="0" skipped="0" tests="9" time="94.212" timestamp="2026-05-25T08:43:34.066435+00:00" hostname="agent-env-a1957061-8377-4647-b8b6-08939cffaadc"><testcase classname="tests.test_improvements.TestEstimate" name="test_estimate_fast_one_unknown" time="0.190" /><testcase classname="tests.test_improvements.TestEstimate" name="test_estimate_impractical_five_unknown" time="0.044" /><testcase classname="tests.test_improvements.TestEstimate" name="test_estimate_no_unknowns" time="0.045" /><testcase classname="tests.test_improvements.TestWordlistPresets" name="test_presets_listed" time="0.052" /><testcase classname="tests.test_improvements.TestWordlistPresets" name="test_load_preset_bip39_en" time="0.098" /><testcase classname="tests.test_improvements.TestWordlistPresets" name="test_load_preset_invalid" time="0.043" /><testcase classname="tests.test_improvements.TestPersistedLogs" name="test_logs_loaded_from_disk_after_completion" time="90.864" /><testcase classname="tests.test_improvements" name="test_ws_live_stream" time="2.621" /><testcase classname="tests.test_improvements" name="test_ws_unknown_job_closes_cleanly" time="0.172" /></testsuite></testsuites>