<?xml version="1.0" encoding="utf-8"?><testsuites name="pytest tests"><testsuite name="pytest" errors="0" failures="0" skipped="0" tests="14" time="9.180" timestamp="2026-05-25T08:10:50.852075+00:00" hostname="agent-env-a1957061-8377-4647-b8b6-08939cffaadc"><testcase classname="backend.tests.backend_test.TestSystem" name="test_root" time="0.294" /><testcase classname="backend.tests.backend_test.TestSystem" name="test_system_status" time="1.026" /><testcase classname="backend.tests.backend_test.TestConfig" name="test_get_default_config" time="0.085" /><testcase classname="backend.tests.backend_test.TestConfig" name="test_put_config_normalizes_known_words" time="0.095" /><testcase classname="backend.tests.backend_test.TestMasks" name="test_preview_fixed_mask" time="0.045" /><testcase classname="backend.tests.backend_test.TestMasks" name="test_preview_permutations" time="0.081" /><testcase classname="backend.tests.backend_test.TestWordlist" name="test_put_and_get_wordlist" time="0.215" /><testcase classname="backend.tests.backend_test.TestJobs" name="test_create_job_returns_command" time="0.046" /><testcase classname="backend.tests.backend_test.TestJobs" name="test_job_logs_stream" time="1.195" /><testcase classname="backend.tests.backend_test.TestJobs" name="test_job_get_status" time="0.041" /><testcase classname="backend.tests.backend_test.TestJobs" name="test_jobs_list_contains" time="0.176" /><testcase classname="backend.tests.backend_test.TestStopDelete" name="test_stop_running_job" time="1.344" /><testcase classname="backend.tests.backend_test.TestStopDelete" name="test_delete_finished_job" time="0.982" /><testcase classname="backend.tests.backend_test.TestStopDelete" name="test_delete_running_job_refused" time="2.930" /></testsuite></testsuites>