<?xml version="1.0" encoding="utf-8"?><testsuites name="pytest tests"><testsuite name="pytest" errors="0" failures="0" skipped="0" tests="12" time="0.933" timestamp="2026-05-25T11:23:03.806320+00:00" hostname="agent-env-a1957061-8377-4647-b8b6-08939cffaadc"><testcase classname="backend.tests.test_recovery_presets.TestListPresets" name="test_list_returns_eight" time="0.182" /><testcase classname="backend.tests.test_recovery_presets.TestListPresets" name="test_list_ids_match_expected" time="0.045" /><testcase classname="backend.tests.test_recovery_presets.TestListPresets" name="test_entry_shape" time="0.046" /><testcase classname="backend.tests.test_recovery_presets.TestApplyPresets" name="test_apply_bip39_12_one_unknown" time="0.046" /><testcase classname="backend.tests.test_recovery_presets.TestApplyPresets" name="test_apply_electrum1_12_loads_wordlist" time="0.048" /><testcase classname="backend.tests.test_recovery_presets.TestApplyPresets" name="test_apply_bip39_24_two_unknown" time="0.048" /><testcase classname="backend.tests.test_recovery_presets.TestApplyPresets" name="test_apply_bip39_12_typo" time="0.049" /><testcase classname="backend.tests.test_recovery_presets.TestApplyPresets" name="test_apply_blank_no_wordlist" time="0.054" /><testcase classname="backend.tests.test_recovery_presets.TestApplyPresets" name="test_apply_invalid_returns_404" time="0.046" /><testcase classname="backend.tests.test_recovery_presets.TestApplyPersistence" name="test_config_reflects_applied_preset" time="0.091" /><testcase classname="backend.tests.test_recovery_presets.TestApplyPersistence" name="test_wordlist_count_after_electrum1" time="0.094" /><testcase classname="backend.tests.test_recovery_presets.TestApplyPersistence" name="test_apply_24_then_get_config" time="0.094" /></testsuite></testsuites>