<?xml version="1.0" encoding="utf-8"?><testsuites name="pytest tests"><testsuite name="pytest" errors="0" failures="2" skipped="0" tests="14" time="113.754" timestamp="2026-05-25T08:45:15.529197+00:00" hostname="agent-env-a1957061-8377-4647-b8b6-08939cffaadc"><testcase classname="tests.backend_test.TestSystem" name="test_root" time="0.158" /><testcase classname="tests.backend_test.TestSystem" name="test_system_status" time="0.150" /><testcase classname="tests.backend_test.TestConfig" name="test_get_default_config" time="0.049" /><testcase classname="tests.backend_test.TestConfig" name="test_put_config_normalizes_known_words" time="0.049" /><testcase classname="tests.backend_test.TestMasks" name="test_preview_fixed_mask" time="0.047" /><testcase classname="tests.backend_test.TestMasks" name="test_preview_permutations" time="0.048" /><testcase classname="tests.backend_test.TestWordlist" name="test_put_and_get_wordlist" time="0.098" /><testcase classname="tests.backend_test.TestJobs" name="test_create_job_returns_command" time="0.048" /><testcase classname="tests.backend_test.TestJobs" name="test_job_logs_stream" time="45.144"><failure message="AssertionError: job did not reach terminal state; statuses=['running', 'running', 'running', 'running', 'running']&#10;assert False">tests/backend_test.py:160: in test_job_logs_stream
    assert terminal, f"job did not reach terminal state; statuses={statuses[-5:]}"
E   AssertionError: job did not reach terminal state; statuses=['running', 'running', 'running', 'running', 'running']
E   assert False</failure></testcase><testcase classname="tests.backend_test.TestJobs" name="test_job_get_status" time="0.073"><failure message="AssertionError: assert 'running' in ('not_found', 'found', 'failed', 'stopped')&#10; +  where 'running' = &lt;built-in method get of dict object at 0xfa4288bc0140&gt;('status')&#10; +    where &lt;built-in method get of dict object at 0xfa4288bc0140&gt; = {'command': ['/root/.venv/bin/python', '-u', '/opt/btcrecover/seedrecover.py', '--no-pause', '--no-gui', '--disablesecuritywarnings', ...], 'error': None, 'finished_at': None, 'found_seed': None, ...}.get">tests/backend_test.py:169: in test_job_get_status
    assert d.get("status") in ("not_found", "found", "failed", "stopped")
E   AssertionError: assert 'running' in ('not_found', 'found', 'failed', 'stopped')
E    +  where 'running' = &lt;built-in method get of dict object at 0xfa4288bc0140&gt;('status')
E    +    where &lt;built-in method get of dict object at 0xfa4288bc0140&gt; = {'command': ['/root/.venv/bin/python', '-u', '/opt/btcrecover/seedrecover.py', '--no-pause', '--no-gui', '--disablesecuritywarnings', ...], 'error': None, 'finished_at': None, 'found_seed': None, ...}.get</failure></testcase><testcase classname="tests.backend_test.TestJobs" name="test_jobs_list_contains" time="0.058" /><testcase classname="tests.backend_test.TestStopDelete" name="test_stop_running_job" time="1.229" /><testcase classname="tests.backend_test.TestStopDelete" name="test_delete_finished_job" time="63.768" /><testcase classname="tests.backend_test.TestStopDelete" name="test_delete_running_job_refused" time="2.736" /></testsuite></testsuites>