<?xml version="1.0" encoding="utf-8"?><testsuites name="pytest tests"><testsuite name="pytest" errors="0" failures="1" skipped="0" tests="9" time="181.607" timestamp="2026-05-25T11:30:15.940894+00:00" hostname="agent-env-a1957061-8377-4647-b8b6-08939cffaadc"><testcase classname="backend.tests.backend_test.TestSystem" name="test_root" time="0.175" /><testcase classname="backend.tests.backend_test.TestSystem" name="test_system_status" time="0.146" /><testcase classname="backend.tests.backend_test.TestConfig" name="test_get_default_config" time="0.093" /><testcase classname="backend.tests.backend_test.TestConfig" name="test_put_config_normalizes_known_words" time="0.071" /><testcase classname="backend.tests.backend_test.TestMasks" name="test_preview_fixed_mask" time="0.044" /><testcase classname="backend.tests.backend_test.TestMasks" name="test_preview_permutations" time="0.081" /><testcase classname="backend.tests.backend_test.TestWordlist" name="test_put_and_get_wordlist" time="0.097" /><testcase classname="backend.tests.backend_test.TestJobs" name="test_create_job_returns_command" time="0.076" /><testcase classname="backend.tests.backend_test.TestJobs" name="test_job_logs_stream" time="180.598"><failure message="AssertionError: job did not reach terminal state; statuses=['running', 'running', 'running', 'running', 'running']&#10;assert False">E   AssertionError: job did not reach terminal state; statuses=['running', 'running', 'running', 'running', 'running']
    assert False</failure></testcase></testsuite></testsuites>